<<<<<<< Updated upstream
﻿C:\Users\Oskar\Desktop\Asteroids1.0\SDLProject\TPV2\TPV2.vcxproj(160,5): warning MSB4011: "C:\Users\Oskar\Desktop\Asteroids1.0\SDLProject\SDLProject.props" no se puede volver a importar. Ya se importó en "C:\Users\Oskar\Desktop\Asteroids1.0\SDLProject\TPV2\TPV2.vcxproj (159,5)". Lo más probable es que se trate de un error al crear la compilación. Se omitirá esta importación. 
  Asteroid.cpp
  AsteroidsMotion.cpp
  AsteroidsPool.cpp
C:\Users\Oskar\Desktop\Asteroids1.0\SDLProject\TPV2\AsteroidsMotion.cpp(13,20): warning C4018:  '<': no coinciden signed/unsigned
C:\Users\Oskar\Desktop\Asteroids1.0\SDLProject\TPV2\AsteroidsPool.cpp(35,49): warning C4244:  'argumento': conversión de 'const double' a 'int'; posible pérdida de datos
  AsteroidsViewer.cpp
C:\Users\Oskar\Desktop\Asteroids1.0\SDLProject\TPV2\AsteroidsPool.cpp(35,31): warning C4244:  'argumento': conversión de 'const double' a 'int'; posible pérdida de datos
  PingPong.cpp
  Generando código...
C:\Users\Oskar\Desktop\Asteroids1.0\SDLProject\TPV2\AsteroidsViewer.cpp(13,20): warning C4018:  '<': no coinciden signed/unsigned
  TPV2.vcxproj -> C:\Users\Oskar\Desktop\Asteroids1.0\SDLProject\bin\TPV2Debug.exe
=======
﻿G:\2do\2doCuatrimestre\TPV2\practicas\Asteroids1.0\SDLProject\TPV2\TPV2.vcxproj(152,5): warning MSB4011: "G:\2do\2doCuatrimestre\TPV2\practicas\Asteroids1.0\SDLProject\SDLProject.props" no se puede volver a importar. Ya se importó en "G:\2do\2doCuatrimestre\TPV2\practicas\Asteroids1.0\SDLProject\TPV2\TPV2.vcxproj (151,5)". Lo más probable es que se trate de un error al crear la compilación. Se omitirá esta importación. 
  AudioManager.cpp
  BallMoveBehaviour.cpp
  Bullet.cpp
  BulletsMotion.cpp
G:\2do\2doCuatrimestre\TPV2\practicas\Asteroids1.0\SDLProject\TPV2\BulletsMotion.cpp(13,20): warning C4018: '<': no coinciden signed/unsigned
  BulletsPool.cpp
G:\2do\2doCuatrimestre\TPV2\practicas\Asteroids1.0\SDLProject\TPV2\BulletsPool.cpp(25,27): warning C4018: '<': no coinciden signed/unsigned
  BulletsViewer.cpp
G:\2do\2doCuatrimestre\TPV2\practicas\Asteroids1.0\SDLProject\TPV2\BulletsViewer.cpp(14,20): warning C4018: '<': no coinciden signed/unsigned
  Collisions.cpp
  Component.cpp
  Entity.cpp
  Font.cpp
  FontsManager.cpp
  GameCtrl.cpp
  GameLogic.cpp
  Gun.cpp
  Health.cpp
  InputHandler.cpp
  jute.cpp
  main.cpp
G:\2do\2doCuatrimestre\TPV2\practicas\Asteroids1.0\SDLProject\TPV2\PingPong.h(34,41): warning C4244: 'inicializando': conversión de 'double' a 'const int'; posible pérdida de datos
G:\2do\2doCuatrimestre\TPV2\practicas\Asteroids1.0\SDLProject\TPV2\PingPong.h(35,42): warning C4244: 'inicializando': conversión de 'double' a 'const int'; posible pérdida de datos
  Manager.cpp
  ObjectPool.cpp
  Generando código...
  Compilando...
  PaddleKBCtrl.cpp
  PaddleMouseCtrl.cpp
  PaddleMoveBehaviour.cpp
  PingPong.cpp
G:\2do\2doCuatrimestre\TPV2\practicas\Asteroids1.0\SDLProject\TPV2\PingPong.h(34,41): warning C4244: 'inicializando': conversión de 'double' a 'const int'; posible pérdida de datos
G:\2do\2doCuatrimestre\TPV2\practicas\Asteroids1.0\SDLProject\TPV2\PingPong.h(35,42): warning C4244: 'inicializando': conversión de 'double' a 'const int'; posible pérdida de datos
  FighterCtrl.cpp
  RandomNumberGenerator.cpp
  Rectangle.cpp
  Resources.cpp
  ScoreManager.cpp
  ScoreViewer.cpp
  SDLAudioManager.cpp
  SDLFontsManager.cpp
  SDLGame.cpp
  SDLTexturesManager.cpp
  sdl_macros.cpp
  SimpleMoveBahviour.cpp
  SRandBasedGenerator.cpp
G:\2do\2doCuatrimestre\TPV2\practicas\Asteroids1.0\SDLProject\TPV2\SRandBasedGenerator.cpp(11,8): warning C4244: 'inicializando': conversión de 'time_t' a 'unsigned int'; posible pérdida de datos
  Texture.cpp
  FighterViewer.cpp
  TexturesManager.cpp
  Generando código...
  Compilando...
  Transform.cpp
  Vector2D.cpp
  Generando código...
     Creando biblioteca G:\2do\2doCuatrimestre\TPV2\practicas\Asteroids1.0\SDLProject\bin\TPV2Debug.lib y objeto G:\2do\2doCuatrimestre\TPV2\practicas\Asteroids1.0\SDLProject\bin\TPV2Debug.exp
  TPV2.vcxproj -> G:\2do\2doCuatrimestre\TPV2\practicas\Asteroids1.0\SDLProject\bin\TPV2Debug.exe
>>>>>>> Stashed changes
