U:\hlocal\TPV2 - Plantilla\SDLProject\TPV2\TPV2.vcxproj(82,5): warning MSB4011: "U:\hlocal\TPV2 - Plantilla\SDLProject\SDLProject.props" cannot be imported again. It was already imported at "U:\hlocal\TPV2 - Plantilla\SDLProject\TPV2\TPV2.vcxproj (81,5)". This is most likely a build authoring error. This subsequent import will be ignored. 
     Creating library U:\hlocal\TPV2 - Plantilla\SDLProject\bin\TPV2Debug.lib and object U:\hlocal\TPV2 - Plantilla\SDLProject\bin\TPV2Debug.exp
main.obj : error LNK2019: unresolved external symbol SDL_CreateWindow referenced in function "void __cdecl firstTest(void)" (?firstTest@@YAXXZ)
main.obj : error LNK2019: unresolved external symbol SDL_DestroyWindow referenced in function "void __cdecl firstTest(void)" (?firstTest@@YAXXZ)
main.obj : error LNK2019: unresolved external symbol SDL_CreateRenderer referenced in function "void __cdecl firstTest(void)" (?firstTest@@YAXXZ)
main.obj : error LNK2019: unresolved external symbol SDL_SetRenderDrawColor referenced in function "void __cdecl firstTest(void)" (?firstTest@@YAXXZ)
main.obj : error LNK2019: unresolved external symbol SDL_RenderClear referenced in function "void __cdecl firstTest(void)" (?firstTest@@YAXXZ)
main.obj : error LNK2019: unresolved external symbol SDL_RenderPresent referenced in function "void __cdecl firstTest(void)" (?firstTest@@YAXXZ)
main.obj : error LNK2019: unresolved external symbol SDL_DestroyRenderer referenced in function "void __cdecl firstTest(void)" (?firstTest@@YAXXZ)
main.obj : error LNK2019: unresolved external symbol SDL_Delay referenced in function "void __cdecl firstTest(void)" (?firstTest@@YAXXZ)
main.obj : error LNK2019: unresolved external symbol SDL_Init referenced in function "void __cdecl firstTest(void)" (?firstTest@@YAXXZ)
main.obj : error LNK2019: unresolved external symbol SDL_Quit referenced in function "void __cdecl firstTest(void)" (?firstTest@@YAXXZ)
MSVCRTD.lib(exe_main.obj) : error LNK2019: unresolved external symbol main referenced in function "int __cdecl invoke_main(void)" (?invoke_main@@YAHXZ)
U:\hlocal\TPV2 - Plantilla\SDLProject\SDL2-2.0.7\lib\x86\SDL2.lib : warning LNK4272: library machine type 'x86' conflicts with target machine type 'x64'
U:\hlocal\TPV2 - Plantilla\SDLProject\SDL2-2.0.7\lib\x86\SDL2main.lib : warning LNK4272: library machine type 'x86' conflicts with target machine type 'x64'
U:\hlocal\TPV2 - Plantilla\SDLProject\SDL2_image-2.0.1\lib\x86\SDL2_image.lib : warning LNK4272: library machine type 'x86' conflicts with target machine type 'x64'
U:\hlocal\TPV2 - Plantilla\SDLProject\SDL2_ttf-2.0.14\lib\x86\SDL2_ttf.lib : warning LNK4272: library machine type 'x86' conflicts with target machine type 'x64'
U:\hlocal\TPV2 - Plantilla\SDLProject\SDL2_mixer-2.0.2\lib\x86\SDL2_mixer.lib : warning LNK4272: library machine type 'x86' conflicts with target machine type 'x64'
U:\hlocal\TPV2 - Plantilla\SDLProject\SDL2_net-2.0.1\lib\x86\SDL2_net.lib : warning LNK4272: library machine type 'x86' conflicts with target machine type 'x64'
U:\hlocal\TPV2 - Plantilla\SDLProject\bin\TPV2Debug.exe : fatal error LNK1120: 11 unresolved externals
