u:\hlocal\tpv2 - plantilla\sdlproject\tpv2\x64\debug\vc142.pdb
u:\hlocal\tpv2 - plantilla\sdlproject\tpv2\x64\debug\vc142.idb
u:\hlocal\tpv2 - plantilla\sdlproject\tpv2\x64\debug\main.obj
g:\2do\2docuatrimestre\tpv2\practicas\asteroids1.0\sdlproject\tpv2\x64\debug\vc142.pdb
g:\2do\2docuatrimestre\tpv2\practicas\asteroids1.0\sdlproject\tpv2\x64\debug\vc142.idb
g:\2do\2docuatrimestre\tpv2\practicas\asteroids1.0\sdlproject\tpv2\x64\debug\rectangle.obj
g:\2do\2docuatrimestre\tpv2\practicas\asteroids1.0\sdlproject\tpv2\x64\debug\randomnumbergenerator.obj
g:\2do\2docuatrimestre\tpv2\practicas\asteroids1.0\sdlproject\tpv2\x64\debug\pingpong.obj
g:\2do\2docuatrimestre\tpv2\practicas\asteroids1.0\sdlproject\tpv2\x64\debug\paddlemovebehaviour.obj
g:\2do\2docuatrimestre\tpv2\practicas\asteroids1.0\sdlproject\tpv2\x64\debug\paddlemousectrl.obj
g:\2do\2docuatrimestre\tpv2\practicas\asteroids1.0\sdlproject\tpv2\x64\debug\paddlekbctrl.obj
g:\2do\2docuatrimestre\tpv2\practicas\asteroids1.0\sdlproject\tpv2\x64\debug\objectpool.obj
g:\2do\2docuatrimestre\tpv2\practicas\asteroids1.0\sdlproject\tpv2\x64\debug\manager.obj
g:\2do\2docuatrimestre\tpv2\practicas\asteroids1.0\sdlproject\tpv2\x64\debug\main.obj
g:\2do\2docuatrimestre\tpv2\practicas\asteroids1.0\sdlproject\tpv2\x64\debug\jute.obj
g:\2do\2docuatrimestre\tpv2\practicas\asteroids1.0\sdlproject\tpv2\x64\debug\inputhandler.obj
g:\2do\2docuatrimestre\tpv2\practicas\asteroids1.0\sdlproject\tpv2\x64\debug\gamelogic.obj
g:\2do\2docuatrimestre\tpv2\practicas\asteroids1.0\sdlproject\tpv2\x64\debug\gamectrl.obj
g:\2do\2docuatrimestre\tpv2\practicas\asteroids1.0\sdlproject\tpv2\x64\debug\fontsmanager.obj
g:\2do\2docuatrimestre\tpv2\practicas\asteroids1.0\sdlproject\tpv2\x64\debug\font.obj
g:\2do\2docuatrimestre\tpv2\practicas\asteroids1.0\sdlproject\tpv2\x64\debug\entity.obj
g:\2do\2docuatrimestre\tpv2\practicas\asteroids1.0\sdlproject\tpv2\x64\debug\component.obj
g:\2do\2docuatrimestre\tpv2\practicas\asteroids1.0\sdlproject\tpv2\x64\debug\collisions.obj
g:\2do\2docuatrimestre\tpv2\practicas\asteroids1.0\sdlproject\tpv2\x64\debug\ballmovebehaviour.obj
g:\2do\2docuatrimestre\tpv2\practicas\asteroids1.0\sdlproject\tpv2\x64\debug\audiomanager.obj
g:\2do\2docuatrimestre\tpv2\practicas\asteroids1.0\sdlproject\tpv2\x64\debug\vector2d.obj
g:\2do\2docuatrimestre\tpv2\practicas\asteroids1.0\sdlproject\tpv2\x64\debug\transform.obj
g:\2do\2docuatrimestre\tpv2\practicas\asteroids1.0\sdlproject\tpv2\x64\debug\texturesmanager.obj
g:\2do\2docuatrimestre\tpv2\practicas\asteroids1.0\sdlproject\tpv2\x64\debug\texture.obj
g:\2do\2docuatrimestre\tpv2\practicas\asteroids1.0\sdlproject\tpv2\x64\debug\srandbasedgenerator.obj
g:\2do\2docuatrimestre\tpv2\practicas\asteroids1.0\sdlproject\tpv2\x64\debug\simplemovebahviour.obj
g:\2do\2docuatrimestre\tpv2\practicas\asteroids1.0\sdlproject\tpv2\x64\debug\sdl_macros.obj
g:\2do\2docuatrimestre\tpv2\practicas\asteroids1.0\sdlproject\tpv2\x64\debug\sdltexturesmanager.obj
g:\2do\2docuatrimestre\tpv2\practicas\asteroids1.0\sdlproject\tpv2\x64\debug\sdlgame.obj
g:\2do\2docuatrimestre\tpv2\practicas\asteroids1.0\sdlproject\tpv2\x64\debug\sdlfontsmanager.obj
g:\2do\2docuatrimestre\tpv2\practicas\asteroids1.0\sdlproject\tpv2\x64\debug\sdlaudiomanager.obj
g:\2do\2docuatrimestre\tpv2\practicas\asteroids1.0\sdlproject\tpv2\x64\debug\scoreviewer.obj
g:\2do\2docuatrimestre\tpv2\practicas\asteroids1.0\sdlproject\tpv2\x64\debug\scoremanager.obj
g:\2do\2docuatrimestre\tpv2\practicas\asteroids1.0\sdlproject\tpv2\x64\debug\resources.obj
g:\2do\2docuatrimestre\tpv2\practicas\asteroids1.0\sdlproject\tpv2\x64\debug\fighterctrl.obj
g:\2do\2docuatrimestre\tpv2\practicas\asteroids1.0\sdlproject\tpv2\x64\debug\health.obj
g:\2do\2docuatrimestre\tpv2\practicas\asteroids1.0\sdlproject\tpv2\x64\debug\fighterviewer.obj
g:\2do\2docuatrimestre\tpv2\practicas\asteroids1.0\sdlproject\bin\tpv2debug.pdb
g:\2do\2docuatrimestre\tpv2\practicas\asteroids1.0\sdlproject\tpv2\x64\debug\tpv2.tlog\cl.command.1.tlog
g:\2do\2docuatrimestre\tpv2\practicas\asteroids1.0\sdlproject\tpv2\x64\debug\tpv2.tlog\cl.read.1.tlog
g:\2do\2docuatrimestre\tpv2\practicas\asteroids1.0\sdlproject\tpv2\x64\debug\tpv2.tlog\cl.write.1.tlog
g:\2do\2docuatrimestre\tpv2\practicas\asteroids1.0\sdlproject\tpv2\x64\debug\tpv2.tlog\link-cvtres.read.1.tlog
g:\2do\2docuatrimestre\tpv2\practicas\asteroids1.0\sdlproject\tpv2\x64\debug\tpv2.tlog\link-cvtres.write.1.tlog
g:\2do\2docuatrimestre\tpv2\practicas\asteroids1.0\sdlproject\tpv2\x64\debug\tpv2.tlog\link-rc.read.1.tlog
g:\2do\2docuatrimestre\tpv2\practicas\asteroids1.0\sdlproject\tpv2\x64\debug\tpv2.tlog\link-rc.write.1.tlog
g:\2do\2docuatrimestre\tpv2\practicas\asteroids1.0\sdlproject\tpv2\x64\debug\tpv2.tlog\link.command.1.tlog
g:\2do\2docuatrimestre\tpv2\practicas\asteroids1.0\sdlproject\tpv2\x64\debug\tpv2.tlog\link.delete.1.tlog
g:\2do\2docuatrimestre\tpv2\practicas\asteroids1.0\sdlproject\tpv2\x64\debug\tpv2.tlog\link.read.1.tlog
g:\2do\2docuatrimestre\tpv2\practicas\asteroids1.0\sdlproject\tpv2\x64\debug\tpv2.tlog\link.write.1.tlog
